Build started 11/25/2016 1:35:11 PM.
     1>Project "D:\C++ Programmes\DSA\Labs\Lab 08\Lab 08\Lab 08.vcxproj" on node 2 (Build target(s)).
     1>ClCompile:
         C:\Program Files (x86)\Microsoft Visual Studio 12.0\VC\bin\CL.exe /c /ZI /nologo /W3 /WX- /sdl /Od /Oy- /D _MBCS /Gm /EHsc /RTC1 /MDd /GS /fp:precise /Zc:wchar_t /Zc:forScope /Fo"Debug\\" /Fd"Debug\vc120.pdb" /Gd /TP /analyze- /errorReport:prompt Task3.cpp Task6.cpp
         Task6.cpp
         Task3.cpp
     1>d:\c++ programmes\dsa\labs\lab 08\lab 08\task3.cpp(16): warning C4244: 'argument' : conversion from 'time_t' to 'unsigned int', possible loss of data
         Generating Code...
       Link:
         C:\Program Files (x86)\Microsoft Visual Studio 12.0\VC\bin\link.exe /ERRORREPORT:PROMPT /OUT:"D:\C++ Programmes\DSA\Labs\Lab 08\Debug\Lab 08.exe" /INCREMENTAL /NOLOGO kernel32.lib user32.lib gdi32.lib winspool.lib comdlg32.lib advapi32.lib shell32.lib ole32.lib oleaut32.lib uuid.lib odbc32.lib odbccp32.lib /MANIFEST /MANIFESTUAC:"level='asInvoker' uiAccess='false'" /manifest:embed /DEBUG /PDB:"D:\C++ Programmes\DSA\Labs\Lab 08\Debug\Lab 08.pdb" /TLBID:1 /DYNAMICBASE /NXCOMPAT /IMPLIB:"D:\C++ Programmes\DSA\Labs\Lab 08\Debug\Lab 08.lib" /MACHINE:X86 Debug\Task1.obj
         Debug\Task2.obj
         Debug\Task3.obj
         Debug\Task4.obj
         Debug\Task6.obj
         Debug\Task7.obj
         Debug\Task8.obj
         Lab 08.vcxproj -> D:\C++ Programmes\DSA\Labs\Lab 08\Debug\Lab 08.exe
     1>Done Building Project "D:\C++ Programmes\DSA\Labs\Lab 08\Lab 08\Lab 08.vcxproj" (Build target(s)).

Build succeeded.

Time Elapsed 00:00:01.36
